<?xml version="1.0" encoding="UTF-8"?>
<!-- Generated by org.testng.reporters.JUnitReportReporter -->
<testsuite skipped="0" hostname="DESKTOP-FLR20HU" name="com.usa.ttech.student.MyFirstTest" tests="1" failures="0" timestamp="16 Feb 2018 22:03:16 GMT" time="0.643" errors="0">
  <testcase name="GetWeatherDetails" time="0.643" classname="com.usa.ttech.student.MyFirstTest"/>
</testsuite> <!-- com.usa.ttech.student.MyFirstTest -->
