<?xml version="1.0" encoding="UTF-8"?>
<!-- Generated by org.testng.reporters.JUnitReportReporter -->
<testsuite hostname="DESKTOP-HHEDQ4L" name="com.ttech.mobileTesting.CapabilitiesXpath" tests="1" failures="0" timestamp="25 Feb 2018 14:59:28 GMT" time="37.363" errors="0">
  <testcase name="allXpath" time="37.363" classname="com.ttech.mobileTesting.CapabilitiesXpath"/>
</testsuite> <!-- com.ttech.mobileTesting.CapabilitiesXpath -->
