<?xml version="1.0" encoding="UTF-8"?>
<!-- Generated by org.testng.reporters.JUnitReportReporter -->
<testsuite hostname="DESKTOP-HHEDQ4L" name="com.ttech.mobileTesting.SwipeClass" tests="1" failures="0" timestamp="25 Feb 2018 15:42:40 GMT" time="27.489" errors="0">
  <testcase name="PressRelese" time="27.489" classname="com.ttech.mobileTesting.SwipeClass"/>
</testsuite> <!-- com.ttech.mobileTesting.SwipeClass -->
