<?xml version="1.0" encoding="UTF-8"?>
<!-- Generated by org.testng.reporters.JUnitReportReporter -->
<testsuite hostname="DESKTOP-HHEDQ4L" name="com.ttech.mobileTesting.miscelleanous" tests="1" failures="0" timestamp="25 Feb 2018 16:36:39 GMT" time="23.069" errors="0">
  <testcase name="PressRelese" time="23.069" classname="com.ttech.mobileTesting.miscelleanous"/>
</testsuite> <!-- com.ttech.mobileTesting.miscelleanous -->
