<?xml version="1.0" encoding="UTF-8"?>
<!-- Generated by org.testng.reporters.JUnitReportReporter -->
<testsuite hostname="DESKTOP-HHEDQ4L" name="com.ttech.mobileTesting.TapPressRelese" tests="1" failures="0" timestamp="25 Feb 2018 05:34:56 GMT" time="22.517" errors="0">
  <testcase name="PressRelese" time="22.517" classname="com.ttech.mobileTesting.TapPressRelese"/>
</testsuite> <!-- com.ttech.mobileTesting.TapPressRelese -->
