<?xml version="1.0" encoding="UTF-8"?>
<!-- Generated by org.testng.reporters.JUnitReportReporter -->
<testsuite hostname="DESKTOP-HHEDQ4L" name="com.ttech.mobileTesting.UIautomatorClass" tests="1" failures="0" timestamp="25 Feb 2018 05:19:42 GMT" time="37.541" errors="0">
  <testcase name="UIautomator" time="37.541" classname="com.ttech.mobileTesting.UIautomatorClass"/>
</testsuite> <!-- com.ttech.mobileTesting.UIautomatorClass -->
