<?xml version="1.0" encoding="UTF-8"?>
<!-- Generated by org.testng.reporters.JUnitReportReporter -->
<testsuite hostname="DESKTOP-HHEDQ4L" name="com.ttech.mobileTesting.DrugAndDrupClass" tests="1" failures="0" timestamp="25 Feb 2018 16:29:16 GMT" time="23.934" errors="0">
  <testcase name="PressRelese" time="23.934" classname="com.ttech.mobileTesting.DrugAndDrupClass"/>
</testsuite> <!-- com.ttech.mobileTesting.DrugAndDrupClass -->
