<?xml version="1.0" encoding="UTF-8"?>
<!-- Generated by org.testng.reporters.JUnitReportReporter -->
<testsuite hostname="DESKTOP-HHEDQ4L" name="com.ttech.mobileTesting.CapabilitiesXpath" tests="1" failures="0" timestamp="24 Feb 2018 21:54:38 GMT" time="27.839" errors="0">
  <testcase name="mains" time="27.839" classname="com.ttech.mobileTesting.CapabilitiesXpath"/>
</testsuite> <!-- com.ttech.mobileTesting.CapabilitiesXpath -->
